0 info it worked if it ends with ok
1 verbose cli [ 'C:\\Program Files\\nodejs\\node.exe',
1 verbose cli   'C:\\Program Files\\nodejs\\node_modules\\npm\\bin\\npm-cli.js',
1 verbose cli   'start' ]
2 info using npm@3.10.10
3 info using node@v6.10.0
4 verbose run-script [ 'prestart', 'start', 'poststart' ]
5 info lifecycle gale_hogwarts@1.0.0~prestart: gale_hogwarts@1.0.0
6 silly lifecycle gale_hogwarts@1.0.0~prestart: no script for prestart, continuing
7 info lifecycle gale_hogwarts@1.0.0~start: gale_hogwarts@1.0.0
8 verbose lifecycle gale_hogwarts@1.0.0~start: unsafe-perm in lifecycle true
9 verbose lifecycle gale_hogwarts@1.0.0~start: PATH: C:\Program Files\nodejs\node_modules\npm\bin\node-gyp-bin;D:\Desktop\School\Master\Year 1\Q3\Adaptive Web-Based Systems\Hogwarts\node_modules\.bin;C:\Users\s121769\AppData\Local\GitHub\PortableGit_f02737a78695063deace08e96d5042710d3e32db\cmd;C:\Users\s121769\AppData\Local\GitHub\PortableGit_f02737a78695063deace08e96d5042710d3e32db\usr\bin;C:\Users\s121769\AppData\Local\GitHub\PortableGit_f02737a78695063deace08e96d5042710d3e32db\usr\share\git-tfs;C:\Users\s121769\AppData\Local\Apps\2.0\PRZKNCCE.Z36\43XABKYH.7Q0\gith..tion_317444273a93ac29_0003.0003_5794af8169eeff14;C:\Users\s121769\AppData\Local\GitHub\lfs-amd64_1.5.5;C:\Program Files (x86)\Rockwell Software\RSCommon;C:\Program Files\Java\jdk1.7.0_80\bin;C:\Program Files\Common Files\Microsoft Shared\Windows Live;C:\Program Files (x86)\Common Files\Microsoft Shared\Windows Live;C:\ProgramData\Oracle\Java\javapath;C:\Windows\system32;C:\Windows;C:\Windows\System32\Wbem;C:\Windows\System32\WindowsPowerShell\v1.0\;C:\Program Files (x86)\ATI Technologies\ATI.ACE\Core-Static;C:\Program Files\WIDCOMM\Bluetooth Software\;C:\Program Files\WIDCOMM\Bluetooth Software\syswow64;C:\Program Files (x86)\Common Files\Roxio Shared\DLLShared\;C:\Program Files (x86)\Common Files\Roxio Shared\OEM\DLLShared\;C:\Program Files (x86)\Common Files\Roxio Shared\OEM\DLLShared\;C:\Program Files (x86)\Common Files\Roxio Shared\OEM\12.0\DLLShared\;C:\Program Files (x86)\Roxio\OEM\AudioCore\;C:\Program Files\TortoiseSVN\bin;C:\Program Files (x86)\AMD\ATI.ACE\Core-Static;D:\AppData\Local\Android\Sdk/tools;D:\AppData\Local\Android\Sdk/platform-tools;C:\Program Files\MATLAB\R2014b\bin;C:\Program Files (x86)\MiKTeX 2.9\miktex\bin\;C:\Program Files (x86)\Windows Live\Shared;C:\Program Files (x86)\Git\cmd;C:\Program Files (x86)\GitExtensions\;C:\Program Files (x86)\Skype\Phone\;C:\Program Files (x86)\Pandoc\;C:\Program Files\nodejs\;C:\Users\s121769\AppData\Local\Continuum\Anaconda3;C:\Users\s121769\AppData\Local\Continuum\Anaconda3\Scripts;C:\Users\s121769\AppData\Local\Continuum\Anaconda3\Library\bin;C:\Users\s121769\AppData\Roaming\npmC:\Program Files\Java\jdk1.7.0_80\bin;C:\Users\s121769\AppData\Roaming\npm;C:\Windows\Microsoft.NET\Framework\v4.0.30319\
10 verbose lifecycle gale_hogwarts@1.0.0~start: CWD: D:\Desktop\School\Master\Year 1\Q3\Adaptive Web-Based Systems\Hogwarts
11 silly lifecycle gale_hogwarts@1.0.0~start: Args: [ '/d /s /c',
11 silly lifecycle   'npm run build:css && parallelshell "npm run serve" "npm run watch:css"' ]
12 silly lifecycle gale_hogwarts@1.0.0~start: Returned: code: 1  signal: null
13 info lifecycle gale_hogwarts@1.0.0~start: Failed to exec start script
14 verbose stack Error: gale_hogwarts@1.0.0 start: `npm run build:css && parallelshell "npm run serve" "npm run watch:css"`
14 verbose stack Exit status 1
14 verbose stack     at EventEmitter.<anonymous> (C:\Program Files\nodejs\node_modules\npm\lib\utils\lifecycle.js:255:16)
14 verbose stack     at emitTwo (events.js:106:13)
14 verbose stack     at EventEmitter.emit (events.js:191:7)
14 verbose stack     at ChildProcess.<anonymous> (C:\Program Files\nodejs\node_modules\npm\lib\utils\spawn.js:40:14)
14 verbose stack     at emitTwo (events.js:106:13)
14 verbose stack     at ChildProcess.emit (events.js:191:7)
14 verbose stack     at maybeClose (internal/child_process.js:877:16)
14 verbose stack     at Process.ChildProcess._handle.onexit (internal/child_process.js:226:5)
15 verbose pkgid gale_hogwarts@1.0.0
16 verbose cwd D:\Desktop\School\Master\Year 1\Q3\Adaptive Web-Based Systems\Hogwarts
17 error Windows_NT 6.1.7601
18 error argv "C:\\Program Files\\nodejs\\node.exe" "C:\\Program Files\\nodejs\\node_modules\\npm\\bin\\npm-cli.js" "start"
19 error node v6.10.0
20 error npm  v3.10.10
21 error code ELIFECYCLE
22 error gale_hogwarts@1.0.0 start: `npm run build:css && parallelshell "npm run serve" "npm run watch:css"`
22 error Exit status 1
23 error Failed at the gale_hogwarts@1.0.0 start script 'npm run build:css && parallelshell "npm run serve" "npm run watch:css"'.
23 error Make sure you have the latest version of node.js and npm installed.
23 error If you do, this is most likely a problem with the gale_hogwarts package,
23 error not with npm itself.
23 error Tell the author that this fails on your system:
23 error     npm run build:css && parallelshell "npm run serve" "npm run watch:css"
23 error You can get information on how to open an issue for this project with:
23 error     npm bugs gale_hogwarts
23 error Or if that isn't available, you can get their info via:
23 error     npm owner ls gale_hogwarts
23 error There is likely additional logging output above.
24 verbose exit [ 1, true ]
